[iqbot-v3] running
[iqbot-v3] running
[iqbot-v3] running
[iqbot-v3] running
[iqbot-v3] running
[iqbot-v3] running
[iqbot-v3] running
[iqbot-v3] running
[iqbot-v3] running
[iqbot-v3] running
[iqbot-v3] running
[iqbot-v3] running
[iqbot-v3] running
[iqbot-v3] running
[iqbot-v3] running
[iqbot-v3] running
[iqbot-v3] running
[iqbot-v3] running
[iqbot-v3] running
[iqbot-v3] running
[iqbot-v3] running
[iqbot-v3] running
[iqbot-v3] running
[iqbot-v3] running
[iqbot-v3] running
[iqbot-v3] running
[iqbot-v3] running
[iqbot-v3] running
[iqbot-v3] running
[iqbot-v3] running
[iqbot-v3] running
[iqbot-v3] running
[iqbot-v3] running
[33m[2026-05-11T17:52:20.497] [INFO] - [Running gramJS version 2.26.21][0m
[33m[2026-05-11T17:52:20.518] [INFO] - [Connecting to 149.154.167.91:80/TCPFull...][0m
[33m[2026-05-11T17:52:20.536] [INFO] - [Connection to 149.154.167.91:80/TCPFull complete!][0m
[33m[2026-05-11T17:52:20.540] [INFO] - [Using LAYER 198 for initial connect][0m
[iqbot-v3] running
[iqbot-v3] running
[iqbot-v3] running
[33m[2026-05-12T06:34:14.639] [INFO] - [Running gramJS version 2.26.21][0m
[33m[2026-05-12T06:34:14.648] [INFO] - [Connecting to 149.154.167.91:80/TCPFull...][0m
[33m[2026-05-12T06:34:14.662] [INFO] - [Connection to 149.154.167.91:80/TCPFull complete!][0m
[33m[2026-05-12T06:34:14.663] [INFO] - [Using LAYER 198 for initial connect][0m
[connect] HTTP 200: {"code":"success","company_id":2,"created_at":1778514879,"ssid":"28173fc5ad8207a825ede184bb21103o","token":"4UG5RDUnYGFROOkOfaWS8gKtkZl0Vwyc2MZz4U1h_wW9_2fHvioJkJXN-NNEmR7Ztg0UbEQTLsjm071CwAlmBIExo7Aj
[iqbot-v3] running
[iqbot-v3] running
[iqbot-v3] running
[iqbot-v3] running
[iqbot-v3] running
[iqbot-v3] running
[iqbot-v3] running
[iqbot-v3] running
[iqbot-v3] running
[iqbot-v3] running
[iqbot-v3] running
[iqbot-v3] running
[iqbot-v3] running
[iqbot-v3] running
[iqbot-v3] running
[iqbot-v3] running
[iqbot-v3] running
[iqbot-v3] running
[iqbot-v3] running
[iqbot-v3] running
[iqbot-v3] running
[iqbot-v3] running
[33m[2026-05-12T22:00:45.946] [INFO] - [Running gramJS version 2.26.21][0m
[33m[2026-05-12T22:00:45.959] [INFO] - [Connecting to 149.154.167.91:80/TCPFull...][0m
[33m[2026-05-12T22:00:45.975] [INFO] - [Connection to 149.154.167.91:80/TCPFull complete!][0m
[33m[2026-05-12T22:00:45.978] [INFO] - [Using LAYER 198 for initial connect][0m
[connect] HTTP 200: {"code":"success","company_id":2,"created_at":1778614962,"ssid":"6741d0886244f6e400aa0f2640fdeebp","token":"BNUuF_i1Xv5ToBvqn1MucGVbijqFoNdmqXLxohxNAc1LtLqfXIJUmKyRctuymlORaGS0iuQ8MOJDg4xd1boLkz4j3p7f
[iqbot-v3] running
[iqbot-v3] running
[iqbot-v3] running
[iqbot-v3] running
[topPicks] refreshed: GBPUSD-OTC=100%, GBPJPY-OTC=100%, EURJPY-OTC=100%, EURUSD-OTC=86.2%, USDCAD-OTC=66.7%
[iqbot-v3] running
[topPicks] refreshed: GBPJPY-OTC=100%, EURJPY-OTC=100%, GBPUSD-OTC=87.5%, AUDUSD-OTC=83.3%, USDCAD-OTC=66.7%
[iqbot-v3] running
[iqbot-v3] running
[topPicks] refreshed: EURJPY-OTC=100%, GBPUSD-OTC=87.5%, GBPJPY-OTC=87.5%, EURUSD-OTC=82.6%, USDCAD-OTC=66.7%
[33m[2026-05-13T13:51:20.545] [INFO] - [Running gramJS version 2.26.21][0m
[33m[2026-05-13T13:51:20.552] [INFO] - [Connecting to 149.154.167.91:80/TCPFull...][0m
[33m[2026-05-13T13:51:20.566] [INFO] - [Connection to 149.154.167.91:80/TCPFull complete!][0m
[33m[2026-05-13T13:51:20.567] [INFO] - [Using LAYER 198 for initial connect][0m
[iqbot-v3] running
[33m[2026-05-13T14:04:46.886] [INFO] - [Running gramJS version 2.26.21][0m
[33m[2026-05-13T14:04:46.893] [INFO] - [Connecting to 149.154.167.91:80/TCPFull...][0m
[33m[2026-05-13T14:04:46.913] [INFO] - [Connection to 149.154.167.91:80/TCPFull complete!][0m
[33m[2026-05-13T14:04:46.915] [INFO] - [Using LAYER 198 for initial connect][0m
[iqbot-v3] running
[iqbot-v3] running
[33m[2026-05-13T15:00:13.172] [INFO] - [Running gramJS version 2.26.21][0m
[33m[2026-05-13T15:00:13.183] [INFO] - [Connecting to 149.154.167.91:80/TCPFull...][0m
[33m[2026-05-13T15:00:13.198] [INFO] - [Connection to 149.154.167.91:80/TCPFull complete!][0m
[33m[2026-05-13T15:00:13.201] [INFO] - [Using LAYER 198 for initial connect][0m
[iqbot-v3] running
[iqbot-v3] running
[iqbot-v3] running
[33m[2026-05-13T15:23:40.700] [INFO] - [Running gramJS version 2.26.21][0m
[33m[2026-05-13T15:23:40.723] [INFO] - [Connecting to 149.154.167.91:80/TCPFull...][0m
[33m[2026-05-13T15:23:40.736] [INFO] - [Connection to 149.154.167.91:80/TCPFull complete!][0m
[33m[2026-05-13T15:23:40.737] [INFO] - [Using LAYER 198 for initial connect][0m
[connect] HTTP 200: {"code":"success","company_id":2,"created_at":1778345648,"ssid":"b5b516a2ed59940f7a7362b09cb059bt","token":"6-d-BAxrDRutEyq4HBObxKtuwHyqOkBRufGTpZtBUzJvB6-YXV7eCv4cfFI9AtEEyf54ZHPo6ukmexrLEwhRwZYoPKmn
[topPicks] refreshed: EURJPY-OTC=100%, GBPUSD-OTC=88.9%, GBPJPY-OTC=87.5%, EURUSD-OTC=82.9%, USDCAD-OTC=66.7%
[connect] HTTP 200: {"code":"success","company_id":2,"created_at":1763586623,"ssid":"0662fcc1da0efdb841abc38148f264ca","token":"UDlpHCvHjbTl_4BlLdFcC64WIy8ra9bsKY6O0HdO1-jWZ3EvK6FqseP54BsEM_kusfM96tCnDoc954BTrI5JNviIqsBV
[connect] HTTP 401: {"code":"invalid_credentials","message":"You entered the wrong credentials. Please ensure that your login/password is correct."}
[connect] HTTP 200: {"code":"success","company_id":2,"created_at":1766310681,"ssid":"40b2cd2e234d929a3479da81d043a0dn","token":"9lbUGM9R3_Ev0JlslgOLpyNuiE5U_lrbT8Dh6PDUrY0UnQpaG3sC78oRvhs8vCpgbfF9CjLeGEkwW3t12yyYGDetrVrb
[connect] HTTP 200: {"code":"success","company_id":2,"created_at":1766263442,"ssid":"0bb07f8beaeeaaa62d806b1c9f78f1fa","token":"RBtKezD2yogmjI7-dIkCscxWHqed7srS81I-w6dzFXFzFFPWviW_cijqNRHhGxq_OXF9XwpILOKHSAmZHLx08RfVWXLV
[iqbot-v3] running
[topPicks] refreshed: EURJPY-OTC=100%, GBPJPY-OTC=87.5%, EURUSD-OTC=83.8%, AUDUSD-OTC=82.4%, USDCAD-OTC=66.7%
[iqbot-v3] running
[topPicks] refreshed: EURJPY-OTC=100%, GBPJPY-OTC=87.5%, EURUSD-OTC=84%, GBPUSD-OTC=83.3%, USDCAD-OTC=66.7%
[iqbot-v3] running
[topPicks] refreshed: EURJPY-OTC=100%, GBPJPY-OTC=87.5%, EURUSD-OTC=84.2%, GBPUSD-OTC=83.3%, USDCAD-OTC=66.7%
[33m[2026-05-13T17:15:28.137] [INFO] - [Running gramJS version 2.26.21][0m
[33m[2026-05-13T17:15:28.146] [INFO] - [Connecting to 149.154.167.91:80/TCPFull...][0m
[33m[2026-05-13T17:15:28.160] [INFO] - [Connection to 149.154.167.91:80/TCPFull complete!][0m
[33m[2026-05-13T17:15:28.162] [INFO] - [Using LAYER 198 for initial connect][0m
[connect] HTTP 200: {"code":"success","company_id":2,"created_at":1766263442,"ssid":"2987b60a9728a17e4b26a98dea3162eu","token":"JdkRww-I7FQkO39DB4KbtOIuEOm6NVNe9XtH0AVQ_RLyW4_WQmd3OHQXXnokCnCqLCyEKcJGNCBI6p2NeOLcotqTYE5D
[connect] HTTP 200: {"code":"success","company_id":2,"created_at":1778688692,"ssid":"1f550395dc830bfad72052eaedd4f54m","token":"td6v5Oxbi4TmmVlbO8yhq2PiHs66VuOLjBqnPM7IMj76wxnniMsz5aYnpDifF2MvMnZ5XvaT3Oz2EEl2oJQxJI4Bw4Rf
[topPicks] refreshed: EURJPY-OTC=100%, GBPJPY-OTC=87.5%, EURUSD-OTC=87%, GBPUSD-OTC=84.6%, USDCAD-OTC=66.7%
[iqbot-v3] running
[33m[2026-05-13T19:50:19.239] [INFO] - [Running gramJS version 2.26.21][0m
[33m[2026-05-13T19:50:19.244] [INFO] - [Connecting to 149.154.167.91:80/TCPFull...][0m
[33m[2026-05-13T19:50:19.257] [INFO] - [Connection to 149.154.167.91:80/TCPFull complete!][0m
[33m[2026-05-13T19:50:19.258] [INFO] - [Using LAYER 198 for initial connect][0m
[connect] HTTP 401: {"code":"invalid_credentials","message":"You entered the wrong credentials. Please ensure that your login/password is correct."}
[connect] HTTP 200: {"code":"success","company_id":2,"created_at":1756379561,"ssid":"f0853b974ddb94fcff22307f8b27f85b","token":"-1vGMeSDG5k2CwC6JpCf6UCd303MpJwhEaF7bIx03tZthkz2up_-Rg8zOM106dhlUpr6N7XTjgSGoOML9I2anskzS9sg
[connect] HTTP 401: {"code":"invalid_credentials","message":"You entered the wrong credentials. Please ensure that your login/password is correct."}
[connect] HTTP 200: {"code":"success","company_id":2,"created_at":1762207717,"ssid":"986393c082dbc7fe72bca9438cdc669b","token":"bKR-H4juH8jVtH67S4PkF_iD5LDLs3jh8snByn8MMYEeRGphy_QLJtQjsg_ayE5Ao7b64JuxutXNaTUcK_Ecz9PPlNjU
[topPicks] refreshed: EURJPY-OTC=100%, GBPJPY-OTC=87.5%, EURUSD-OTC=86.6%, GBPUSD-OTC=84.6%, USDCAD-OTC=66.7%
[connect] HTTP 401: {"code":"invalid_credentials","message":"You entered the wrong credentials. Please ensure that your login/password is correct."}
[connect] HTTP 200: {"code":"success","company_id":2,"created_at":1778695620,"ssid":"09dbe3932978ae8c9777b09cb35ea1am","token":"UgnIGG1WHoGuNGDtR6-dwt1cJOZIdk8Lb1ZU7fKfrbPHvaPEOBW4tnBQHcZfFcRPgkL7mN3h6_XVEwfqWeoI2sIMTc3n
[connect] HTTP 200: {"code":"success","company_id":2,"created_at":1770656032,"ssid":"a9e7c69e96d7d49722950483c6442f4x","token":"m0fuG-LJRioeqC0L3qHzfqr0mwGyEJ91PzYD7iCMYhqJQ3C2mb2MOMt94pbfrNrOnHSw5-8Easqajg81Efzu38ph-v9n
[connect] HTTP 200: {"code":"success","company_id":2,"created_at":1754271147,"ssid":"7f5dad131cb81f7b618c180600896eek","token":"Vbgj-uqKO4xDiw4ntbqubMYPEMbJgCHZh5HqcZckagyrtW86gsEyX3R626c8Us5pvzZHLXpd5CR4ugUuApzrNmo-88al
[connect] HTTP 200: {"code":"success","company_id":2,"created_at":1778685526,"ssid":"b0578c6e0fb1dcd28b4b9b6eaa0e40ec","token":"9-Mu5pFkCfgzz6RfAtlbSkXppU1xY4lD049p-F6iaBCR2x8Q8fl0YMFD5NltC67IedCdu_UQzukK5B4wIbiuJu3FyplE
[topPicks] refreshed: EURJPY-OTC=100%, EURUSD-OTC=87.9%, GBPJPY-OTC=87.5%, GBPUSD-OTC=86.7%, USDCAD-OTC=66.7%
[connect] HTTP 200: {"code":"success","company_id":2,"created_at":1762265668,"ssid":"854af18b50e6eb31d9162f8001a4cbas","token":"D8-1IIkImzreVISIZW0XSA9awh_HCjqMKNibMAwf2BDN5v6keQTlPn4NLWKccuTqWLdbAVF5ql1OnxULsmlgLX-JqF2T
[connect] HTTP 401: {"code":"invalid_credentials","message":"You entered the wrong credentials. Please ensure that your login/password is correct."}
[connect] HTTP 200: {"code":"success","company_id":2,"created_at":1754271147,"ssid":"77ca8aa984f841ca6e6755a3c86d79fa","token":"ZCRjoICTRG4XN2A1PMnDA9wIfdciseqQWvsIcANKJSpddkuLPX-14Vj7og9q9pspGTGGUaF8vYTGvJWmHBsndX-AEgtN
[iqbot-v3] running
[topPicks] refreshed: EURJPY-OTC=100%, EURUSD-OTC=88.4%, GBPUSD-OTC=87.5%, GBPJPY-OTC=87.5%, USDCAD-OTC=66.7%
